0 info it worked if it ends with ok
1 verbose cli [ 'node', '/Users/bernard/.npm-packages/bin/npm', 'publish' ]
2 info using npm@2.13.2
3 info using node@v0.12.7
4 verbose node symlink /usr/local/bin/node
5 verbose publish [ '.' ]
6 silly cache add args [ '.', null ]
7 verbose cache add spec .
8 silly cache add parsed spec { raw: '.',
8 silly cache add   scope: null,
8 silly cache add   name: null,
8 silly cache add   rawSpec: '.',
8 silly cache add   spec: '/Users/Bernard/Github/generator-yebo',
8 silly cache add   type: 'directory' }
9 verbose addLocalDirectory /Users/Bernard/.npm/generator-yebo/0.0.6/package.tgz not in flight; packing
10 verbose tar pack [ '/Users/Bernard/.npm/generator-yebo/0.0.6/package.tgz',
10 verbose tar pack   '/Users/Bernard/Github/generator-yebo' ]
11 verbose tarball /Users/Bernard/.npm/generator-yebo/0.0.6/package.tgz
12 verbose folder /Users/Bernard/Github/generator-yebo
13 info prepublish generator-yebo@0.0.6
14 verbose addLocalTarball adding from inside cache /Users/Bernard/.npm/generator-yebo/0.0.6/package.tgz
15 silly cache afterAdd generator-yebo@0.0.6
16 verbose afterAdd /Users/Bernard/.npm/generator-yebo/0.0.6/package/package.json not in flight; writing
17 verbose afterAdd /Users/Bernard/.npm/generator-yebo/0.0.6/package/package.json written
18 silly publish { name: 'generator-yebo',
18 silly publish   version: '0.0.6',
18 silly publish   description: 'A yeoman generator to setup a basic express app that uses MongoDB, Stylus(with Jeet, Rupture and Nib),EJS and Gulp. This package is not quite ready for use yet, mainly becuase the structure and working might change significantly from one version to the next. But you are welcome to try it out if you stick with the version that worked for you there should not be any issues.',
18 silly publish   license: 'MIT',
18 silly publish   main: 'app/index.js',
18 silly publish   repository:
18 silly publish    { type: 'git',
18 silly publish      url: 'git+https://github.com/bernardhamann/generator-yebo.git' },
18 silly publish   author: { name: 'Bernard', url: 'https://github.com/bernardhamann' },
18 silly publish   scripts: { test: 'mocha' },
18 silly publish   files: [ 'generators' ],
18 silly publish   keywords: [ 'yeoman-generator' ],
18 silly publish   dependencies:
18 silly publish    { glob: '^5.0.5',
18 silly publish      'underscore.string': '^3.0.3',
18 silly publish      'yeoman-generator': '^0.19.0',
18 silly publish      chalk: '^1.0.0',
18 silly publish      yosay: '^1.0.2' },
18 silly publish   devDependencies: { mocha: '*' },
18 silly publish   preferGlobal: true,
18 silly publish   readme: '# generator-yebo\n\n[![NPMVersion](https://img.shields.io/badge/version-0.0.4-green.svg)](https://www.npmjs.com/package/generator-yebobase)\n\n[![BuildStatus](https://secure.travis-ci.org/bernardhamann/generator-yebo.png?branch=master)](https://travis-ci.org/bernardhamann/generator-yebo)\n\n> [Yeoman](http://yeoman.io) generator\n\n\n## Instalation\n\nnpm install -g generator-yebo\n\n\n## Description\n\nA yeoman generator to setup a basic express app that uses Stylus(with Jeet, Rupture and Nib),EJS and Gulp.\n\nThis package is not quite ready for use yet, mainly becuase the structure and working might change significantly from one version to the next. But you are welcome to try it out if you stick with the version that worked for you there should not be any issues.\n\n\n## Usage \n\ncd to the directory where you want the app to be \n\nyo yebo\n\n\n## Yeoman\n\n### What is Yeoman?\n\nTrick question. It\'s not a thing. It\'s this guy:\n\n![](http://i.imgur.com/JHaAlBJ.png)\n\nBasically, he wears a top hat, lives in your computer, and waits for you to tell him what kind of application you wish to create.\n\nNot every new computer comes with a Yeoman pre-installed. He lives in the [npm](https://npmjs.org) package repository. You only have to ask for him once, then he packs up and moves into your hard drive. *Make sure you clean up, he likes new and shiny things.*\n\n```bash\nnpm install -g yo\n```\n\n### Yeoman Generators\n\nYeoman travels light. He didn\'t pack any generators when he moved in. You can think of a generator like a plug-in. You get to choose what type of application you wish to create, such as a Backbone application or even a Chrome extension.\n\nTo install generator-yebo from npm, run:\n\n```bash\nnpm install -g generator-yebo\n```\n\nFinally, initiate the generator:\n\n```bash\nyo yebo\n```\n\n### Getting To Know Yeoman\n\nYeoman has a heart of gold. He\'s a person with feelings and opinions, but he\'s very easy to work with. If you think he\'s too opinionated, he can be easily convinced.\n\nIf you\'d like to get to know Yeoman better and meet some of his friends, [Grunt](http://gruntjs.com) and [Bower](http://bower.io), check out the complete [Getting Started Guide](https://github.com/yeoman/yeoman/wiki/Getting-Started).\n\n\n## License\n\nMIT\n',
18 silly publish   readmeFilename: 'README.md',
18 silly publish   gitHead: '0301cb8a6a30d7297fc8bd52b50c5ddfde4bc785',
18 silly publish   bugs: { url: 'https://github.com/bernardhamann/generator-yebo/issues' },
18 silly publish   homepage: 'https://github.com/bernardhamann/generator-yebo#readme',
18 silly publish   _id: 'generator-yebo@0.0.6',
18 silly publish   _shasum: '362735b4e90afeca820542fbea5ff925a649069f',
18 silly publish   _from: '.' }
19 verbose getPublishConfig undefined
20 silly mapToRegistry name generator-yebo
21 silly mapToRegistry using default registry
22 silly mapToRegistry registry https://registry.npmjs.org/
23 silly mapToRegistry uri https://registry.npmjs.org/generator-yebo
24 verbose publish registryBase https://registry.npmjs.org/
25 silly publish uploading /Users/Bernard/.npm/generator-yebo/0.0.6/package.tgz
26 verbose request uri https://registry.npmjs.org/generator-yebo
27 verbose request sending authorization for write operation
28 info attempt registry request try #1 at 02:10:33
29 verbose request using bearer token for auth
30 verbose request id 588135323c562812
31 http request PUT https://registry.npmjs.org/generator-yebo
32 http 403 https://registry.npmjs.org/generator-yebo
33 verbose headers { 'content-type': 'application/json',
33 verbose headers   'cache-control': 'max-age=60',
33 verbose headers   'content-length': '95',
33 verbose headers   'accept-ranges': 'bytes',
33 verbose headers   date: 'Mon, 10 Aug 2015 00:10:37 GMT',
33 verbose headers   via: '1.1 varnish',
33 verbose headers   connection: 'keep-alive',
33 verbose headers   'x-served-by': 'cache-lhr6332-LHR',
33 verbose headers   'x-cache': 'MISS',
33 verbose headers   'x-cache-hits': '0',
33 verbose headers   'x-timer': 'S1439165435.831098,VS0,VE1822' }
34 verbose request invalidating /Users/Bernard/.npm/registry.npmjs.org/generator-yebo on PUT
35 error publish Failed PUT 403
36 verbose stack Error: "You cannot publish over the previously published version 0.0.6." : generator-yebo
36 verbose stack     at CachingRegistryClient.<anonymous> (/Users/bernard/.npm-packages/lib/node_modules/npm/node_modules/npm-registry-client/lib/request.js:247:14)
36 verbose stack     at Request._callback (/Users/bernard/.npm-packages/lib/node_modules/npm/node_modules/npm-registry-client/lib/request.js:170:14)
36 verbose stack     at Request.self.callback (/Users/bernard/.npm-packages/lib/node_modules/npm/node_modules/request/request.js:197:22)
36 verbose stack     at Request.emit (events.js:110:17)
36 verbose stack     at Request.<anonymous> (/Users/bernard/.npm-packages/lib/node_modules/npm/node_modules/request/request.js:1050:14)
36 verbose stack     at Request.emit (events.js:129:20)
36 verbose stack     at IncomingMessage.<anonymous> (/Users/bernard/.npm-packages/lib/node_modules/npm/node_modules/request/request.js:996:12)
36 verbose stack     at IncomingMessage.emit (events.js:129:20)
36 verbose stack     at _stream_readable.js:908:16
36 verbose stack     at process._tickCallback (node.js:355:11)
37 verbose statusCode 403
38 verbose pkgid generator-yebo
39 verbose cwd /Users/Bernard/Github/generator-yebo
40 error Darwin 14.4.0
41 error argv "node" "/Users/bernard/.npm-packages/bin/npm" "publish"
42 error node v0.12.7
43 error npm  v2.13.2
44 error code E403
45 error "You cannot publish over the previously published version 0.0.6." : generator-yebo
46 error If you need help, you may report this error at:
46 error     <https://github.com/npm/npm/issues>
47 verbose exit [ 1, true ]
